<?xml version="1.0" encoding="UTF-8"?>
<!-- Generated by org.testng.reporters.JUnitXMLReporter -->
<testsuite ignored="2" hostname="MacbookAir" failures="0" tests="6" name="Test" time="81.853" errors="0" timestamp="2025-02-13T14:43:17 IST">
  <testcase classname="org.Base.BaseTest" name="@BeforeMethod startDriver" time="74.485">
    <failure type="java.lang.RuntimeException" message="Driver initialization failed! Browser: CHROME">
      <![CDATA[java.lang.RuntimeException: Driver initialization failed! Browser: CHROME
at org.Base.BaseTest.startDriver(BaseTest.java:87)
at java.base/java.util.ArrayList.forEach(ArrayList.java:1511)
... Removed 31 stack frames]]>
    </failure>
  </testcase> <!-- @BeforeMethod startDriver -->
  <testcase classname="org.Base.BaseTest" name="@AfterMethod quitDriver" time="-1.739437991221E9">
    <skipped/>
  </testcase> <!-- @AfterMethod quitDriver -->
  <testcase classname="org.Base.BaseTest" name="@BeforeMethod startDriver" time="-1.739437991231E9">
    <skipped/>
  </testcase> <!-- @BeforeMethod startDriver -->
  <testcase classname="org.Base.BaseTest" name="@AfterMethod quitDriver" time="-1.739437991249E9">
    <skipped/>
  </testcase> <!-- @AfterMethod quitDriver -->
  <testcase classname="org.Base.BaseTest" name="@BeforeMethod startDriver" time="-1.739437991253E9">
    <skipped/>
  </testcase> <!-- @BeforeMethod startDriver -->
  <testcase classname="org.Base.BaseTest" name="@AfterMethod quitDriver" time="-1.739437991272E9">
    <skipped/>
  </testcase> <!-- @AfterMethod quitDriver -->
  <testcase classname="org.Base.BaseTest" name="@BeforeMethod startDriver" time="6.32">
    <failure type="java.lang.RuntimeException" message="Driver initialization failed! Browser: CHROME">
      <![CDATA[java.lang.RuntimeException: Driver initialization failed! Browser: CHROME
at org.Base.BaseTest.startDriver(BaseTest.java:87)
at java.base/java.util.ArrayList.forEach(ArrayList.java:1511)
... Removed 31 stack frames]]>
    </failure>
  </testcase> <!-- @BeforeMethod startDriver -->
  <testcase classname="org.Base.BaseTest" name="@AfterMethod quitDriver" time="-1.739437997632E9">
    <skipped/>
  </testcase> <!-- @AfterMethod quitDriver -->
  <testcase classname="org.Base.BaseTest" name="@BeforeMethod startDriver" time="-1.739437997634E9">
    <skipped/>
  </testcase> <!-- @BeforeMethod startDriver -->
  <testcase classname="org.Base.BaseTest" name="@AfterMethod quitDriver" time="-1.739437997643E9">
    <skipped/>
  </testcase> <!-- @AfterMethod quitDriver -->
  <testcase classname="org.Base.BaseTest" name="@BeforeMethod startDriver" time="-1.739437997649E9">
    <skipped/>
  </testcase> <!-- @BeforeMethod startDriver -->
  <testcase classname="org.Base.BaseTest" name="@AfterMethod quitDriver" time="-1.739437997658E9">
    <skipped/>
  </testcase> <!-- @AfterMethod quitDriver -->
  <testcase classname="TestCases.TC_01_MyProtien_Login_using_BaseTest" name="Direct_Search" time="0.0">
    <skipped/>
  </testcase> <!-- Direct_Search -->
  <testcase classname="TestCases.TC_01_MyProtien_Login_using_BaseTest" name="signUPIntoApplication_using_Registration" time="0.0">
    <skipped/>
  </testcase> <!-- signUPIntoApplication_using_Registration -->
  <testcase classname="TestCases.TC_01_MyProtien_Login_using_BaseTest" name="loginIntoApplication_using_Credintails" time="0.0">
    <skipped/>
  </testcase> <!-- loginIntoApplication_using_Credintails -->
  <testcase classname="TestCases.TC_02_MyProtien_validation_BaseTest" name="TC_01_Direct_Search" time="0.0">
    <skipped/>
  </testcase> <!-- TC_01_Direct_Search -->
  <testcase classname="TestCases.TC_02_MyProtien_validation_BaseTest" name="TC_01_signUPIntoApplication_using_Registration" time="0.0">
    <skipped/>
  </testcase> <!-- TC_01_signUPIntoApplication_using_Registration -->
  <testcase classname="TestCases.TC_02_MyProtien_validation_BaseTest" name="TC_01_loginIntoApplication_using_Credintails" time="0.0">
    <skipped/>
  </testcase> <!-- TC_01_loginIntoApplication_using_Credintails -->
  <testcase classname="org.Base.BaseTest" name="@BeforeSuite setupSuite" time="0.0">
    <ignored/>
  </testcase> <!-- @BeforeSuite setupSuite -->
  <testcase classname="org.Base.BaseTest" name="@AfterSuite openHtmlReport" time="0.0">
    <ignored/>
  </testcase> <!-- @AfterSuite openHtmlReport -->
</testsuite> <!-- Test -->
