<?xml version="1.0" encoding="UTF-8"?>
<!-- Generated by org.testng.reporters.JUnitXMLReporter -->
<testsuite ignored="2" hostname="MacbookAir" failures="1" tests="6" name="Test" time="62.034" errors="0" timestamp="2025-02-13T14:45:50 IST">
  <testcase classname="org.Base.BaseTest" name="@BeforeMethod startDriver" time="1.623">
    <failure type="java.lang.RuntimeException" message="Driver initialization failed! Browser: CHROME">
      <![CDATA[java.lang.RuntimeException: Driver initialization failed! Browser: CHROME
at org.Base.BaseTest.startDriver(BaseTest.java:87)
at java.base/java.util.ArrayList.forEach(ArrayList.java:1596)
... Removed 33 stack frames]]>
    </failure>
  </testcase> <!-- @BeforeMethod startDriver -->
  <testcase classname="org.Base.BaseTest" name="@AfterMethod quitDriver" time="0.0">
    <skipped/>
  </testcase> <!-- @AfterMethod quitDriver -->
  <testcase classname="org.Base.BaseTest" name="@BeforeMethod startDriver" time="0.0">
    <skipped/>
  </testcase> <!-- @BeforeMethod startDriver -->
  <testcase classname="org.Base.BaseTest" name="@AfterMethod quitDriver" time="0.0">
    <skipped/>
  </testcase> <!-- @AfterMethod quitDriver -->
  <testcase classname="org.Base.BaseTest" name="@BeforeMethod startDriver" time="0.0">
    <skipped/>
  </testcase> <!-- @BeforeMethod startDriver -->
  <testcase classname="org.Base.BaseTest" name="@AfterMethod quitDriver" time="0.0">
    <skipped/>
  </testcase> <!-- @AfterMethod quitDriver -->
  <testcase classname="TestCases.TC_01_MyProtien_Login_using_BaseTest" name="Direct_Search" time="6.305"/>
  <testcase classname="TestCases.TC_01_MyProtien_Login_using_BaseTest" name="signUPIntoApplication_using_Registration" time="10.982"/>
  <testcase classname="TestCases.TC_01_MyProtien_Login_using_BaseTest" name="loginIntoApplication_using_Credintails" time="36.34">
    <failure type="org.openqa.selenium.TimeoutException" message="Expected condition failed: waiting for visibility of element located by By.xpath: //input[@id=&amp;apos;header-search-input&amp;apos;] (tried for 30 second(s) with 500 milliseconds interval)
Build info: version: &amp;apos;4.20.0&amp;apos;, revision: &amp;apos;866c76ca80&amp;apos;
System info: os.name: &amp;apos;Mac OS X&amp;apos;, os.arch: &amp;apos;aarch64&amp;apos;, os.version: &amp;apos;15.3&amp;apos;, java.version: &amp;apos;21.0.5&amp;apos;
Driver info: org.openqa.selenium.chrome.ChromeDriver
Capabilities {acceptInsecureCerts: false, browserName: chrome, browserVersion: 133.0.6943.54, chrome: {chromedriverVersion: 133.0.6943.98 (da53563ceb66..., userDataDir: /var/folders/yx/3kwfkj954dd...}, fedcm:accounts: true, goog:chromeOptions: {debuggerAddress: localhost:51905}, networkConnectionEnabled: false, pageLoadStrategy: normal, platformName: mac, proxy: Proxy(), se:cdp: ws://localhost:51905/devtoo..., se:cdpVersion: 133.0.6943.54, setWindowRect: true, strictFileInteractability: false, timeouts: {implicit: 0, pageLoad: 300000, script: 30000}, unhandledPromptBehavior: dismiss and notify, webauthn:extension:credBlob: true, webauthn:extension:largeBlob: true, webauthn:extension:minPinLength: true, webauthn:extension:prf: true, webauthn:virtualAuthenticators: true}
Session ID: 218af8305b20bf372f57d0b990abce1d">
      <![CDATA[org.openqa.selenium.TimeoutException: Expected condition failed: waiting for visibility of element located by By.xpath: //input[@id='header-search-input'] (tried for 30 second(s) with 500 milliseconds interval)
Build info: version: '4.20.0', revision: '866c76ca80'
System info: os.name: 'Mac OS X', os.arch: 'aarch64', os.version: '15.3', java.version: '21.0.5'
Driver info: org.openqa.selenium.chrome.ChromeDriver
Capabilities {acceptInsecureCerts: false, browserName: chrome, browserVersion: 133.0.6943.54, chrome: {chromedriverVersion: 133.0.6943.98 (da53563ceb66..., userDataDir: /var/folders/yx/3kwfkj954dd...}, fedcm:accounts: true, goog:chromeOptions: {debuggerAddress: localhost:51905}, networkConnectionEnabled: false, pageLoadStrategy: normal, platformName: mac, proxy: Proxy(), se:cdp: ws://localhost:51905/devtoo..., se:cdpVersion: 133.0.6943.54, setWindowRect: true, strictFileInteractability: false, timeouts: {implicit: 0, pageLoad: 300000, script: 30000}, unhandledPromptBehavior: dismiss and notify, webauthn:extension:credBlob: true, webauthn:extension:largeBlob: true, webauthn:extension:minPinLength: true, webauthn:extension:prf: true, webauthn:virtualAuthenticators: true}
Session ID: 218af8305b20bf372f57d0b990abce1d
at org.openqa.selenium.support.ui.WebDriverWait.timeoutException(WebDriverWait.java:84)
at org.openqa.selenium.support.ui.FluentWait.until(FluentWait.java:228)
at org.Pages.HomePage.enterTextSearchField(HomePage.java:57)
at TestCases.TC_01_MyProtien_Login_using_BaseTest.loginIntoApplication_using_Credintails(TC_01_MyProtien_Login_using_BaseTest.java:34)
at java.base/java.util.ArrayList.forEach(ArrayList.java:1596)
... Removed 29 stack frames]]>
    </failure>
  </testcase> <!-- loginIntoApplication_using_Credintails -->
  <testcase classname="TestCases.TC_02_MyProtien_validation_BaseTest" name="TC_01_Direct_Search" time="0.001">
    <skipped/>
  </testcase> <!-- TC_01_Direct_Search -->
  <testcase classname="TestCases.TC_02_MyProtien_validation_BaseTest" name="TC_01_signUPIntoApplication_using_Registration" time="0.0">
    <skipped/>
  </testcase> <!-- TC_01_signUPIntoApplication_using_Registration -->
  <testcase classname="TestCases.TC_02_MyProtien_validation_BaseTest" name="TC_01_loginIntoApplication_using_Credintails" time="0.0">
    <skipped/>
  </testcase> <!-- TC_01_loginIntoApplication_using_Credintails -->
  <testcase classname="org.Base.BaseTest" name="@BeforeSuite setupSuite" time="0.0">
    <ignored/>
  </testcase> <!-- @BeforeSuite setupSuite -->
  <testcase classname="org.Base.BaseTest" name="@AfterSuite openHtmlReport" time="0.0">
    <ignored/>
  </testcase> <!-- @AfterSuite openHtmlReport -->
</testsuite> <!-- Test -->
