<!DOCTYPE html PUBLIC "-//W3C//DTD XHTML 1.1//EN" "https://www.w3.org/TR/xhtml11/DTD/xhtml11.dtd">
<html xmlns="https://www.w3.org/1999/xhtml">
<head>
<meta http-equiv="content-type" content="text/html; charset=UTF-8"/>
<title>TestNG Report</title>
<style type="text/css">table {margin-bottom:10px;border-collapse:collapse;empty-cells:show}th,td {border:1px solid #009;padding:.25em .5em}th {vertical-align:bottom}td {vertical-align:top}table a {font-weight:bold}.stripe td {background-color: #E6EBF9}.num {text-align:right}.passedodd td {background-color: #3F3}.passedeven td {background-color: #0A0}.skippedodd td {background-color: #DDD}.skippedeven td {background-color: #CCC}.failedodd td,.attn {background-color: #F33}.failedeven td,.stripe .attn {background-color: #D00}.stacktrace {white-space:pre;font-family:monospace}.totop {font-size:85%;text-align:center;border-bottom:2px solid #000}.invisible {display:none}</style>
</head>
<body>
<table>
<tr><th>Test</th><th># Passed</th><th># Skipped</th><th># Retried</th><th># Failed</th><th>Time (ms)</th><th>Included Groups</th><th>Excluded Groups</th></tr>
<tr><th colspan="8">Suite</th></tr>
<tr><td><a href="#t0">Test</a></td><td class="num">2</td><td class="num attn">3</td><td class="num">0</td><td class="num attn">1</td><td class="num">62,034</td><td></td><td></td></tr>
</table>
<table id='summary'><thead><tr><th>Class</th><th>Method</th><th>Start</th><th>Time (ms)</th></tr></thead><tbody><tr><th colspan="4">Suite</th></tr></tbody><tbody id="t0"><tr><th colspan="4">Test &#8212; failed (configuration methods)</th></tr><tr class="failedeven"><td rowspan="1">TestCases.TC_02_MyProtien_validation_BaseTest</td><td><a href="#m0">startDriver</a></td><td rowspan="1">1739438148979</td><td rowspan="1">1623</td></tr><tr><th colspan="4">Test &#8212; failed</th></tr><tr class="failedeven"><td rowspan="1">TestCases.TC_01_MyProtien_Login_using_BaseTest</td><td><a href="#m1">loginIntoApplication_using_Credintails</a></td><td rowspan="1">1739438111831</td><td rowspan="1">36340</td></tr><tr><th colspan="4">Test &#8212; skipped (configuration methods)</th></tr><tr class="skippedeven"><td rowspan="5">TestCases.TC_02_MyProtien_validation_BaseTest</td><td><a href="#m2">quitDriver</a></td><td rowspan="3">1739438150619</td><td rowspan="3">0</td></tr><tr class="skippedeven"><td><a href="#m3">quitDriver</a></td></tr><tr class="skippedeven"><td><a href="#m4">quitDriver</a></td></tr><tr class="skippedeven"><td><a href="#m5">startDriver</a></td><td rowspan="2">1739438150623</td><td rowspan="2">0</td></tr><tr class="skippedeven"><td><a href="#m6">startDriver</a></td></tr><tr><th colspan="4">Test &#8212; skipped</th></tr><tr class="skippedeven"><td rowspan="3">TestCases.TC_02_MyProtien_validation_BaseTest</td><td><a href="#m7">TC_01_Direct_Search</a></td><td rowspan="1">1739438150616</td><td rowspan="1">1</td></tr><tr class="skippedeven"><td><a href="#m8">TC_01_loginIntoApplication_using_Credintails</a></td><td rowspan="1">1739438150624</td><td rowspan="1">0</td></tr><tr class="skippedeven"><td><a href="#m9">TC_01_signUPIntoApplication_using_Registration</a></td><td rowspan="1">1739438150621</td><td rowspan="1">0</td></tr><tr><th colspan="4">Test &#8212; passed</th></tr><tr class="passedeven"><td rowspan="2">TestCases.TC_01_MyProtien_Login_using_BaseTest</td><td><a href="#m10">Direct_Search</a></td><td rowspan="1">1739438091455</td><td rowspan="1">6305</td></tr><tr class="passedeven"><td><a href="#m11">signUPIntoApplication_using_Registration</a></td><td rowspan="1">1739438099412</td><td rowspan="1">10982</td></tr></tbody>
</table>
<h2>Test</h2><h3 id="m0">TestCases.TC_02_MyProtien_validation_BaseTest#startDriver</h3><table class="result"><tr class="param"><th>Parameter #1</th><th>Parameter #2</th></tr><tr class="param stripe"><td>null</td><td>[TestResult name={null} status=CREATED method=TC_02_MyProtien_validation_BaseTest.TC_01_Direct_Search()[pri:0, instance:TestCases.TC_02_MyProtien_validation_BaseTest@66c83fc8] output={null}]</td></tr><tr><th colspan="2">Exception</th></tr><tr><td colspan="2"><div class="stacktrace">java.lang.RuntimeException: Driver initialization failed! Browser: CHROME
	at org.Base.BaseTest.startDriver(BaseTest.java:87)
	at java.base/java.util.ArrayList.forEach(ArrayList.java:1596)
... Removed 33 stack frames</div></td></tr></table><p class="totop"><a href="#summary">back to summary</a></p>
<h3 id="m1">TestCases.TC_01_MyProtien_Login_using_BaseTest#loginIntoApplication_using_Credintails</h3><table class="result"><tr><th>Exception</th></tr><tr><td><div class="stacktrace">org.openqa.selenium.TimeoutException: Expected condition failed: waiting for visibility of element located by By.xpath: //input[@id=&apos;header-search-input&apos;] (tried for 30 second(s) with 500 milliseconds interval)
Build info: version: &apos;4.20.0&apos;, revision: &apos;866c76ca80&apos;
System info: os.name: &apos;Mac OS X&apos;, os.arch: &apos;aarch64&apos;, os.version: &apos;15.3&apos;, java.version: &apos;21.0.5&apos;
Driver info: org.openqa.selenium.chrome.ChromeDriver
Capabilities {acceptInsecureCerts: false, browserName: chrome, browserVersion: 133.0.6943.54, chrome: {chromedriverVersion: 133.0.6943.98 (da53563ceb66..., userDataDir: /var/folders/yx/3kwfkj954dd...}, fedcm:accounts: true, goog:chromeOptions: {debuggerAddress: localhost:51905}, networkConnectionEnabled: false, pageLoadStrategy: normal, platformName: mac, proxy: Proxy(), se:cdp: ws://localhost:51905/devtoo..., se:cdpVersion: 133.0.6943.54, setWindowRect: true, strictFileInteractability: false, timeouts: {implicit: 0, pageLoad: 300000, script: 30000}, unhandledPromptBehavior: dismiss and notify, webauthn:extension:credBlob: true, webauthn:extension:largeBlob: true, webauthn:extension:minPinLength: true, webauthn:extension:prf: true, webauthn:virtualAuthenticators: true}
Session ID: 218af8305b20bf372f57d0b990abce1d
	at org.openqa.selenium.support.ui.WebDriverWait.timeoutException(WebDriverWait.java:84)
	at org.openqa.selenium.support.ui.FluentWait.until(FluentWait.java:228)
	at org.Pages.HomePage.enterTextSearchField(HomePage.java:57)
	at TestCases.TC_01_MyProtien_Login_using_BaseTest.loginIntoApplication_using_Credintails(TC_01_MyProtien_Login_using_BaseTest.java:34)
	at java.base/java.util.ArrayList.forEach(ArrayList.java:1596)
... Removed 29 stack frames</div></td></tr></table><p class="totop"><a href="#summary">back to summary</a></p>
<h3 id="m2">TestCases.TC_02_MyProtien_validation_BaseTest#quitDriver</h3><table class="result"><tr><th class="invisible"/></tr></table><p class="totop"><a href="#summary">back to summary</a></p>
<h3 id="m3">TestCases.TC_02_MyProtien_validation_BaseTest#quitDriver</h3><table class="result"><tr><th class="invisible"/></tr></table><p class="totop"><a href="#summary">back to summary</a></p>
<h3 id="m4">TestCases.TC_02_MyProtien_validation_BaseTest#quitDriver</h3><table class="result"><tr><th class="invisible"/></tr></table><p class="totop"><a href="#summary">back to summary</a></p>
<h3 id="m5">TestCases.TC_02_MyProtien_validation_BaseTest#startDriver</h3><table class="result"><tr><th class="invisible"/></tr></table><p class="totop"><a href="#summary">back to summary</a></p>
<h3 id="m6">TestCases.TC_02_MyProtien_validation_BaseTest#startDriver</h3><table class="result"><tr><th class="invisible"/></tr></table><p class="totop"><a href="#summary">back to summary</a></p>
<h3 id="m7">TestCases.TC_02_MyProtien_validation_BaseTest#TC_01_Direct_Search</h3><table class="result"><tr><th>Exception</th></tr><tr><td><div class="stacktrace">java.lang.RuntimeException: Driver initialization failed! Browser: CHROME
	at org.Base.BaseTest.startDriver(BaseTest.java:87)
	at java.base/java.util.ArrayList.forEach(ArrayList.java:1596)
... Removed 33 stack frames</div></td></tr></table><p class="totop"><a href="#summary">back to summary</a></p>
<h3 id="m8">TestCases.TC_02_MyProtien_validation_BaseTest#TC_01_loginIntoApplication_using_Credintails</h3><table class="result"><tr><th>Exception</th></tr><tr><td><div class="stacktrace">java.lang.RuntimeException: Driver initialization failed! Browser: CHROME
	at org.Base.BaseTest.startDriver(BaseTest.java:87)
	at java.base/java.util.ArrayList.forEach(ArrayList.java:1596)
... Removed 33 stack frames</div></td></tr></table><p class="totop"><a href="#summary">back to summary</a></p>
<h3 id="m9">TestCases.TC_02_MyProtien_validation_BaseTest#TC_01_signUPIntoApplication_using_Registration</h3><table class="result"><tr><th>Exception</th></tr><tr><td><div class="stacktrace">java.lang.RuntimeException: Driver initialization failed! Browser: CHROME
	at org.Base.BaseTest.startDriver(BaseTest.java:87)
	at java.base/java.util.ArrayList.forEach(ArrayList.java:1596)
... Removed 33 stack frames</div></td></tr></table><p class="totop"><a href="#summary">back to summary</a></p>
<h3 id="m10">TestCases.TC_01_MyProtien_Login_using_BaseTest#Direct_Search</h3><table class="result"><tr><th class="invisible"/></tr></table><p class="totop"><a href="#summary">back to summary</a></p>
<h3 id="m11">TestCases.TC_01_MyProtien_Login_using_BaseTest#signUPIntoApplication_using_Registration</h3><table class="result"><tr><th class="invisible"/></tr></table><p class="totop"><a href="#summary">back to summary</a></p>
</body>
</html>
