<?xml version="1.0" encoding="UTF-8"?>
<testng-results ignored="2" total="8" passed="2" failed="1" skipped="3">
  <reporter-output>
  </reporter-output>
  <suite started-at="2025-02-13T14:44:48 IST" name="Suite" finished-at="2025-02-13T14:45:50 IST" duration-ms="62034">
    <groups>
      <group name="regression">
        <method signature="TC_01_MyProtien_Login_using_BaseTest.Direct_Search()[pri:0, instance:TestCases.TC_01_MyProtien_Login_using_BaseTest@6892cc6f]" name="Direct_Search" class="TestCases.TC_01_MyProtien_Login_using_BaseTest"/>
        <method signature="TC_02_MyProtien_validation_BaseTest.TC_01_Direct_Search()[pri:0, instance:TestCases.TC_02_MyProtien_validation_BaseTest@66c83fc8]" name="TC_01_Direct_Search" class="TestCases.TC_02_MyProtien_validation_BaseTest"/>
        <method signature="TC_01_MyProtien_Login_using_BaseTest.loginIntoApplication_using_Credintails()[pri:2, instance:TestCases.TC_01_MyProtien_Login_using_BaseTest@6892cc6f]" name="loginIntoApplication_using_Credintails" class="TestCases.TC_01_MyProtien_Login_using_BaseTest"/>
        <method signature="TC_02_MyProtien_validation_BaseTest.TC_01_loginIntoApplication_using_Credintails()[pri:2, instance:TestCases.TC_02_MyProtien_validation_BaseTest@66c83fc8]" name="TC_01_loginIntoApplication_using_Credintails" class="TestCases.TC_02_MyProtien_validation_BaseTest"/>
      </group> <!-- regression -->
      <group name="smoke">
        <method signature="TC_01_MyProtien_Login_using_BaseTest.signUPIntoApplication_using_Registration()[pri:1, instance:TestCases.TC_01_MyProtien_Login_using_BaseTest@6892cc6f]" name="signUPIntoApplication_using_Registration" class="TestCases.TC_01_MyProtien_Login_using_BaseTest"/>
        <method signature="TC_02_MyProtien_validation_BaseTest.TC_01_signUPIntoApplication_using_Registration()[pri:1, instance:TestCases.TC_02_MyProtien_validation_BaseTest@66c83fc8]" name="TC_01_signUPIntoApplication_using_Registration" class="TestCases.TC_02_MyProtien_validation_BaseTest"/>
      </group> <!-- smoke -->
    </groups>
    <test started-at="2025-02-13T14:44:48 IST" name="Test" finished-at="2025-02-13T14:45:50 IST" duration-ms="62034">
      <class name="TestCases.TC_01_MyProtien_Login_using_BaseTest">
        <test-method is-config="true" signature="setupSuite()[pri:0, instance:TestCases.TC_01_MyProtien_Login_using_BaseTest@6892cc6f]" started-at="2025-02-13T14:44:48 IST" name="setupSuite" finished-at="2025-02-13T14:44:48 IST" duration-ms="187" status="PASS">
          <reporter-output>
          </reporter-output>
        </test-method> <!-- setupSuite -->
        <test-method is-config="true" signature="startDriver(java.lang.String,org.testng.ITestResult)[pri:0, instance:TestCases.TC_01_MyProtien_Login_using_BaseTest@6892cc6f]" started-at="2025-02-13T14:44:48 IST" name="startDriver" finished-at="2025-02-13T14:44:51 IST" duration-ms="2793" status="PASS">
          <params>
            <param index="0">
              <value is-null="true"/>
            </param>
            <param index="1">
              <value>
                <![CDATA[[TestResult name={null} status=CREATED method=TC_01_MyProtien_Login_using_BaseTest.Direct_Search()[pri:0, instance:TestCases.TC_01_MyProtien_Login_using_BaseTest@6892cc6f] output={null}]]]>
              </value>
            </param>
          </params>
          <reporter-output>
          </reporter-output>
        </test-method> <!-- startDriver -->
        <test-method signature="Direct_Search()[pri:0, instance:TestCases.TC_01_MyProtien_Login_using_BaseTest@6892cc6f]" started-at="2025-02-13T14:44:51 IST" name="Direct_Search" description="Direct_Search" finished-at="2025-02-13T14:44:57 IST" duration-ms="6305" status="PASS">
          <reporter-output>
          </reporter-output>
        </test-method> <!-- Direct_Search -->
        <test-method is-config="true" signature="quitDriver(java.lang.String,org.testng.ITestResult)[pri:0, instance:TestCases.TC_01_MyProtien_Login_using_BaseTest@6892cc6f]" started-at="2025-02-13T14:44:57 IST" name="quitDriver" finished-at="2025-02-13T14:44:58 IST" duration-ms="344" status="PASS">
          <params>
            <param index="0">
              <value is-null="true"/>
            </param>
            <param index="1">
              <value>
                <![CDATA[[TestResult name=Direct_Search status=SUCCESS method=TC_01_MyProtien_Login_using_BaseTest.Direct_Search()[pri:0, instance:TestCases.TC_01_MyProtien_Login_using_BaseTest@6892cc6f] output={null}]]]>
              </value>
            </param>
          </params>
          <reporter-output>
          </reporter-output>
        </test-method> <!-- quitDriver -->
        <test-method is-config="true" signature="startDriver(java.lang.String,org.testng.ITestResult)[pri:0, instance:TestCases.TC_01_MyProtien_Login_using_BaseTest@6892cc6f]" started-at="2025-02-13T14:44:58 IST" name="startDriver" finished-at="2025-02-13T14:44:59 IST" duration-ms="1292" status="PASS">
          <params>
            <param index="0">
              <value is-null="true"/>
            </param>
            <param index="1">
              <value>
                <![CDATA[[TestResult name={null} status=CREATED method=TC_01_MyProtien_Login_using_BaseTest.signUPIntoApplication_using_Registration()[pri:1, instance:TestCases.TC_01_MyProtien_Login_using_BaseTest@6892cc6f] output={null}]]]>
              </value>
            </param>
          </params>
          <reporter-output>
          </reporter-output>
        </test-method> <!-- startDriver -->
        <test-method signature="signUPIntoApplication_using_Registration()[pri:1, instance:TestCases.TC_01_MyProtien_Login_using_BaseTest@6892cc6f]" started-at="2025-02-13T14:44:59 IST" name="signUPIntoApplication_using_Registration" description="Create New User in Application" finished-at="2025-02-13T14:45:10 IST" duration-ms="10982" status="PASS">
          <reporter-output>
          </reporter-output>
        </test-method> <!-- signUPIntoApplication_using_Registration -->
        <test-method is-config="true" signature="quitDriver(java.lang.String,org.testng.ITestResult)[pri:0, instance:TestCases.TC_01_MyProtien_Login_using_BaseTest@6892cc6f]" started-at="2025-02-13T14:45:10 IST" name="quitDriver" finished-at="2025-02-13T14:45:10 IST" duration-ms="135" status="PASS">
          <params>
            <param index="0">
              <value is-null="true"/>
            </param>
            <param index="1">
              <value>
                <![CDATA[[TestResult name=signUPIntoApplication_using_Registration status=SUCCESS method=TC_01_MyProtien_Login_using_BaseTest.signUPIntoApplication_using_Registration()[pri:1, instance:TestCases.TC_01_MyProtien_Login_using_BaseTest@6892cc6f] output={null}]]]>
              </value>
            </param>
          </params>
          <reporter-output>
          </reporter-output>
        </test-method> <!-- quitDriver -->
        <test-method is-config="true" signature="startDriver(java.lang.String,org.testng.ITestResult)[pri:0, instance:TestCases.TC_01_MyProtien_Login_using_BaseTest@6892cc6f]" started-at="2025-02-13T14:45:10 IST" name="startDriver" finished-at="2025-02-13T14:45:11 IST" duration-ms="1294" status="PASS">
          <params>
            <param index="0">
              <value is-null="true"/>
            </param>
            <param index="1">
              <value>
                <![CDATA[[TestResult name={null} status=CREATED method=TC_01_MyProtien_Login_using_BaseTest.loginIntoApplication_using_Credintails()[pri:2, instance:TestCases.TC_01_MyProtien_Login_using_BaseTest@6892cc6f] output={null}]]]>
              </value>
            </param>
          </params>
          <reporter-output>
          </reporter-output>
        </test-method> <!-- startDriver -->
        <test-method signature="loginIntoApplication_using_Credintails()[pri:2, instance:TestCases.TC_01_MyProtien_Login_using_BaseTest@6892cc6f]" started-at="2025-02-13T14:45:11 IST" name="loginIntoApplication_using_Credintails" description="Login with Exisitng User in Application" finished-at="2025-02-13T14:45:48 IST" duration-ms="36340" status="FAIL">
          <exception class="org.openqa.selenium.TimeoutException">
            <message>
              <![CDATA[Expected condition failed: waiting for visibility of element located by By.xpath: //input[@id='header-search-input'] (tried for 30 second(s) with 500 milliseconds interval)
Build info: version: '4.20.0', revision: '866c76ca80'
System info: os.name: 'Mac OS X', os.arch: 'aarch64', os.version: '15.3', java.version: '21.0.5'
Driver info: org.openqa.selenium.chrome.ChromeDriver
Capabilities {acceptInsecureCerts: false, browserName: chrome, browserVersion: 133.0.6943.54, chrome: {chromedriverVersion: 133.0.6943.98 (da53563ceb66..., userDataDir: /var/folders/yx/3kwfkj954dd...}, fedcm:accounts: true, goog:chromeOptions: {debuggerAddress: localhost:51905}, networkConnectionEnabled: false, pageLoadStrategy: normal, platformName: mac, proxy: Proxy(), se:cdp: ws://localhost:51905/devtoo..., se:cdpVersion: 133.0.6943.54, setWindowRect: true, strictFileInteractability: false, timeouts: {implicit: 0, pageLoad: 300000, script: 30000}, unhandledPromptBehavior: dismiss and notify, webauthn:extension:credBlob: true, webauthn:extension:largeBlob: true, webauthn:extension:minPinLength: true, webauthn:extension:prf: true, webauthn:virtualAuthenticators: true}
Session ID: 218af8305b20bf372f57d0b990abce1d]]>
            </message>
            <full-stacktrace>
              <![CDATA[org.openqa.selenium.TimeoutException: Expected condition failed: waiting for visibility of element located by By.xpath: //input[@id='header-search-input'] (tried for 30 second(s) with 500 milliseconds interval)
Build info: version: '4.20.0', revision: '866c76ca80'
System info: os.name: 'Mac OS X', os.arch: 'aarch64', os.version: '15.3', java.version: '21.0.5'
Driver info: org.openqa.selenium.chrome.ChromeDriver
Capabilities {acceptInsecureCerts: false, browserName: chrome, browserVersion: 133.0.6943.54, chrome: {chromedriverVersion: 133.0.6943.98 (da53563ceb66..., userDataDir: /var/folders/yx/3kwfkj954dd...}, fedcm:accounts: true, goog:chromeOptions: {debuggerAddress: localhost:51905}, networkConnectionEnabled: false, pageLoadStrategy: normal, platformName: mac, proxy: Proxy(), se:cdp: ws://localhost:51905/devtoo..., se:cdpVersion: 133.0.6943.54, setWindowRect: true, strictFileInteractability: false, timeouts: {implicit: 0, pageLoad: 300000, script: 30000}, unhandledPromptBehavior: dismiss and notify, webauthn:extension:credBlob: true, webauthn:extension:largeBlob: true, webauthn:extension:minPinLength: true, webauthn:extension:prf: true, webauthn:virtualAuthenticators: true}
Session ID: 218af8305b20bf372f57d0b990abce1d
at org.openqa.selenium.support.ui.WebDriverWait.timeoutException(WebDriverWait.java:84)
at org.openqa.selenium.support.ui.FluentWait.until(FluentWait.java:228)
at org.Pages.HomePage.enterTextSearchField(HomePage.java:57)
at TestCases.TC_01_MyProtien_Login_using_BaseTest.loginIntoApplication_using_Credintails(TC_01_MyProtien_Login_using_BaseTest.java:34)
at java.base/jdk.internal.reflect.DirectMethodHandleAccessor.invoke(DirectMethodHandleAccessor.java:103)
at java.base/java.lang.reflect.Method.invoke(Method.java:580)
at org.testng.internal.invokers.MethodInvocationHelper.invokeMethod(MethodInvocationHelper.java:139)
at org.testng.internal.invokers.TestInvoker.invokeMethod(TestInvoker.java:677)
at org.testng.internal.invokers.TestInvoker.invokeTestMethod(TestInvoker.java:221)
at org.testng.internal.invokers.MethodRunner.runInSequence(MethodRunner.java:50)
at org.testng.internal.invokers.TestInvoker$MethodInvocationAgent.invoke(TestInvoker.java:969)
at org.testng.internal.invokers.TestInvoker.invokeTestMethods(TestInvoker.java:194)
at org.testng.internal.invokers.TestMethodWorker.invokeTestMethods(TestMethodWorker.java:148)
at org.testng.internal.invokers.TestMethodWorker.run(TestMethodWorker.java:128)
at java.base/java.util.ArrayList.forEach(ArrayList.java:1596)
at org.testng.TestRunner.privateRun(TestRunner.java:829)
at org.testng.TestRunner.run(TestRunner.java:602)
at org.testng.SuiteRunner.runTest(SuiteRunner.java:437)
at org.testng.SuiteRunner.runSequentially(SuiteRunner.java:431)
at org.testng.SuiteRunner.privateRun(SuiteRunner.java:391)
at org.testng.SuiteRunner.run(SuiteRunner.java:330)
at org.testng.SuiteRunnerWorker.runSuite(SuiteRunnerWorker.java:52)
at org.testng.SuiteRunnerWorker.run(SuiteRunnerWorker.java:95)
at org.testng.TestNG.runSuitesSequentially(TestNG.java:1256)
at org.testng.TestNG.runSuitesLocally(TestNG.java:1176)
at org.testng.TestNG.runSuites(TestNG.java:1099)
at org.testng.TestNG.run(TestNG.java:1067)
at org.apache.maven.surefire.testng.TestNGExecutor.run(TestNGExecutor.java:308)
at org.apache.maven.surefire.testng.TestNGXmlTestSuite.execute(TestNGXmlTestSuite.java:71)
at org.apache.maven.surefire.testng.TestNGProvider.invoke(TestNGProvider.java:113)
at org.apache.maven.surefire.booter.ForkedBooter.runSuitesInProcess(ForkedBooter.java:385)
at org.apache.maven.surefire.booter.ForkedBooter.execute(ForkedBooter.java:162)
at org.apache.maven.surefire.booter.ForkedBooter.run(ForkedBooter.java:507)
at org.apache.maven.surefire.booter.ForkedBooter.main(ForkedBooter.java:495)
]]>
            </full-stacktrace>
          </exception> <!-- org.openqa.selenium.TimeoutException -->
          <reporter-output>
          </reporter-output>
        </test-method> <!-- loginIntoApplication_using_Credintails -->
        <test-method is-config="true" signature="quitDriver(java.lang.String,org.testng.ITestResult)[pri:0, instance:TestCases.TC_01_MyProtien_Login_using_BaseTest@6892cc6f]" started-at="2025-02-13T14:45:48 IST" name="quitDriver" finished-at="2025-02-13T14:45:48 IST" duration-ms="790" status="PASS">
          <params>
            <param index="0">
              <value is-null="true"/>
            </param>
            <param index="1">
              <value>
                <![CDATA[[TestResult name=loginIntoApplication_using_Credintails status=FAILURE method=TC_01_MyProtien_Login_using_BaseTest.loginIntoApplication_using_Credintails()[pri:2, instance:TestCases.TC_01_MyProtien_Login_using_BaseTest@6892cc6f] output={null}]]]>
              </value>
            </param>
          </params>
          <reporter-output>
          </reporter-output>
        </test-method> <!-- quitDriver -->
        <test-method is-config="true" signature="openHtmlReport()[pri:0, instance:TestCases.TC_01_MyProtien_Login_using_BaseTest@6892cc6f]" started-at="2025-02-13T14:45:50 IST" name="openHtmlReport" finished-at="2025-02-13T14:45:50 IST" duration-ms="258" status="PASS">
          <reporter-output>
          </reporter-output>
        </test-method> <!-- openHtmlReport -->
      </class> <!-- TestCases.TC_01_MyProtien_Login_using_BaseTest -->
      <class name="TestCases.TC_02_MyProtien_validation_BaseTest">
        <test-method is-config="true" signature="startDriver(java.lang.String,org.testng.ITestResult)[pri:0, instance:TestCases.TC_02_MyProtien_validation_BaseTest@66c83fc8]" started-at="2025-02-13T14:45:48 IST" name="startDriver" finished-at="2025-02-13T14:45:50 IST" duration-ms="1623" status="FAIL">
          <params>
            <param index="0">
              <value is-null="true"/>
            </param>
            <param index="1">
              <value>
                <![CDATA[[TestResult name={null} status=CREATED method=TC_02_MyProtien_validation_BaseTest.TC_01_Direct_Search()[pri:0, instance:TestCases.TC_02_MyProtien_validation_BaseTest@66c83fc8] output={null}]]]>
              </value>
            </param>
          </params>
          <exception class="java.lang.RuntimeException">
            <message>
              <![CDATA[Driver initialization failed! Browser: CHROME]]>
            </message>
            <full-stacktrace>
              <![CDATA[java.lang.RuntimeException: Driver initialization failed! Browser: CHROME
at org.Base.BaseTest.startDriver(BaseTest.java:87)
at java.base/jdk.internal.reflect.DirectMethodHandleAccessor.invoke(DirectMethodHandleAccessor.java:103)
at java.base/java.lang.reflect.Method.invoke(Method.java:580)
at org.testng.internal.invokers.MethodInvocationHelper.invokeMethod(MethodInvocationHelper.java:139)
at org.testng.internal.invokers.MethodInvocationHelper.invokeMethodConsideringTimeout(MethodInvocationHelper.java:69)
at org.testng.internal.invokers.ConfigInvoker.invokeConfigurationMethod(ConfigInvoker.java:361)
at org.testng.internal.invokers.ConfigInvoker.invokeConfigurations(ConfigInvoker.java:296)
at org.testng.internal.invokers.TestInvoker.runConfigMethods(TestInvoker.java:823)
at org.testng.internal.invokers.TestInvoker.invokeMethod(TestInvoker.java:590)
at org.testng.internal.invokers.TestInvoker.invokeTestMethod(TestInvoker.java:221)
at org.testng.internal.invokers.MethodRunner.runInSequence(MethodRunner.java:50)
at org.testng.internal.invokers.TestInvoker$MethodInvocationAgent.invoke(TestInvoker.java:969)
at org.testng.internal.invokers.TestInvoker.invokeTestMethods(TestInvoker.java:194)
at org.testng.internal.invokers.TestMethodWorker.invokeTestMethods(TestMethodWorker.java:148)
at org.testng.internal.invokers.TestMethodWorker.run(TestMethodWorker.java:128)
at java.base/java.util.ArrayList.forEach(ArrayList.java:1596)
at org.testng.TestRunner.privateRun(TestRunner.java:829)
at org.testng.TestRunner.run(TestRunner.java:602)
at org.testng.SuiteRunner.runTest(SuiteRunner.java:437)
at org.testng.SuiteRunner.runSequentially(SuiteRunner.java:431)
at org.testng.SuiteRunner.privateRun(SuiteRunner.java:391)
at org.testng.SuiteRunner.run(SuiteRunner.java:330)
at org.testng.SuiteRunnerWorker.runSuite(SuiteRunnerWorker.java:52)
at org.testng.SuiteRunnerWorker.run(SuiteRunnerWorker.java:95)
at org.testng.TestNG.runSuitesSequentially(TestNG.java:1256)
at org.testng.TestNG.runSuitesLocally(TestNG.java:1176)
at org.testng.TestNG.runSuites(TestNG.java:1099)
at org.testng.TestNG.run(TestNG.java:1067)
at org.apache.maven.surefire.testng.TestNGExecutor.run(TestNGExecutor.java:308)
at org.apache.maven.surefire.testng.TestNGXmlTestSuite.execute(TestNGXmlTestSuite.java:71)
at org.apache.maven.surefire.testng.TestNGProvider.invoke(TestNGProvider.java:113)
at org.apache.maven.surefire.booter.ForkedBooter.runSuitesInProcess(ForkedBooter.java:385)
at org.apache.maven.surefire.booter.ForkedBooter.execute(ForkedBooter.java:162)
at org.apache.maven.surefire.booter.ForkedBooter.run(ForkedBooter.java:507)
at org.apache.maven.surefire.booter.ForkedBooter.main(ForkedBooter.java:495)
]]>
            </full-stacktrace>
          </exception> <!-- java.lang.RuntimeException -->
          <reporter-output>
          </reporter-output>
        </test-method> <!-- startDriver -->
        <test-method signature="TC_01_Direct_Search()[pri:0, instance:TestCases.TC_02_MyProtien_validation_BaseTest@66c83fc8]" started-at="2025-02-13T14:45:50 IST" name="TC_01_Direct_Search" description="Direct_Search" finished-at="2025-02-13T14:45:50 IST" duration-ms="1" status="SKIP">
          <exception class="java.lang.RuntimeException">
            <message>
              <![CDATA[Driver initialization failed! Browser: CHROME]]>
            </message>
            <full-stacktrace>
              <![CDATA[java.lang.RuntimeException: Driver initialization failed! Browser: CHROME
at org.Base.BaseTest.startDriver(BaseTest.java:87)
at java.base/jdk.internal.reflect.DirectMethodHandleAccessor.invoke(DirectMethodHandleAccessor.java:103)
at java.base/java.lang.reflect.Method.invoke(Method.java:580)
at org.testng.internal.invokers.MethodInvocationHelper.invokeMethod(MethodInvocationHelper.java:139)
at org.testng.internal.invokers.MethodInvocationHelper.invokeMethodConsideringTimeout(MethodInvocationHelper.java:69)
at org.testng.internal.invokers.ConfigInvoker.invokeConfigurationMethod(ConfigInvoker.java:361)
at org.testng.internal.invokers.ConfigInvoker.invokeConfigurations(ConfigInvoker.java:296)
at org.testng.internal.invokers.TestInvoker.runConfigMethods(TestInvoker.java:823)
at org.testng.internal.invokers.TestInvoker.invokeMethod(TestInvoker.java:590)
at org.testng.internal.invokers.TestInvoker.invokeTestMethod(TestInvoker.java:221)
at org.testng.internal.invokers.MethodRunner.runInSequence(MethodRunner.java:50)
at org.testng.internal.invokers.TestInvoker$MethodInvocationAgent.invoke(TestInvoker.java:969)
at org.testng.internal.invokers.TestInvoker.invokeTestMethods(TestInvoker.java:194)
at org.testng.internal.invokers.TestMethodWorker.invokeTestMethods(TestMethodWorker.java:148)
at org.testng.internal.invokers.TestMethodWorker.run(TestMethodWorker.java:128)
at java.base/java.util.ArrayList.forEach(ArrayList.java:1596)
at org.testng.TestRunner.privateRun(TestRunner.java:829)
at org.testng.TestRunner.run(TestRunner.java:602)
at org.testng.SuiteRunner.runTest(SuiteRunner.java:437)
at org.testng.SuiteRunner.runSequentially(SuiteRunner.java:431)
at org.testng.SuiteRunner.privateRun(SuiteRunner.java:391)
at org.testng.SuiteRunner.run(SuiteRunner.java:330)
at org.testng.SuiteRunnerWorker.runSuite(SuiteRunnerWorker.java:52)
at org.testng.SuiteRunnerWorker.run(SuiteRunnerWorker.java:95)
at org.testng.TestNG.runSuitesSequentially(TestNG.java:1256)
at org.testng.TestNG.runSuitesLocally(TestNG.java:1176)
at org.testng.TestNG.runSuites(TestNG.java:1099)
at org.testng.TestNG.run(TestNG.java:1067)
at org.apache.maven.surefire.testng.TestNGExecutor.run(TestNGExecutor.java:308)
at org.apache.maven.surefire.testng.TestNGXmlTestSuite.execute(TestNGXmlTestSuite.java:71)
at org.apache.maven.surefire.testng.TestNGProvider.invoke(TestNGProvider.java:113)
at org.apache.maven.surefire.booter.ForkedBooter.runSuitesInProcess(ForkedBooter.java:385)
at org.apache.maven.surefire.booter.ForkedBooter.execute(ForkedBooter.java:162)
at org.apache.maven.surefire.booter.ForkedBooter.run(ForkedBooter.java:507)
at org.apache.maven.surefire.booter.ForkedBooter.main(ForkedBooter.java:495)
]]>
            </full-stacktrace>
          </exception> <!-- java.lang.RuntimeException -->
          <reporter-output>
          </reporter-output>
        </test-method> <!-- TC_01_Direct_Search -->
        <test-method is-config="true" signature="quitDriver(java.lang.String,org.testng.ITestResult)[pri:0, instance:TestCases.TC_02_MyProtien_validation_BaseTest@66c83fc8]" started-at="2025-02-13T14:45:50 IST" name="quitDriver" finished-at="2025-02-13T14:45:50 IST" duration-ms="0" status="SKIP">
          <reporter-output>
          </reporter-output>
        </test-method> <!-- quitDriver -->
        <test-method is-config="true" signature="startDriver(java.lang.String,org.testng.ITestResult)[pri:0, instance:TestCases.TC_02_MyProtien_validation_BaseTest@66c83fc8]" started-at="2025-02-13T14:45:50 IST" name="startDriver" finished-at="2025-02-13T14:45:50 IST" duration-ms="0" status="SKIP">
          <reporter-output>
          </reporter-output>
        </test-method> <!-- startDriver -->
        <test-method signature="TC_01_signUPIntoApplication_using_Registration()[pri:1, instance:TestCases.TC_02_MyProtien_validation_BaseTest@66c83fc8]" started-at="2025-02-13T14:45:50 IST" name="TC_01_signUPIntoApplication_using_Registration" description="Create New User in Application" finished-at="2025-02-13T14:45:50 IST" duration-ms="0" status="SKIP">
          <exception class="java.lang.RuntimeException">
            <message>
              <![CDATA[Driver initialization failed! Browser: CHROME]]>
            </message>
            <full-stacktrace>
              <![CDATA[java.lang.RuntimeException: Driver initialization failed! Browser: CHROME
at org.Base.BaseTest.startDriver(BaseTest.java:87)
at java.base/jdk.internal.reflect.DirectMethodHandleAccessor.invoke(DirectMethodHandleAccessor.java:103)
at java.base/java.lang.reflect.Method.invoke(Method.java:580)
at org.testng.internal.invokers.MethodInvocationHelper.invokeMethod(MethodInvocationHelper.java:139)
at org.testng.internal.invokers.MethodInvocationHelper.invokeMethodConsideringTimeout(MethodInvocationHelper.java:69)
at org.testng.internal.invokers.ConfigInvoker.invokeConfigurationMethod(ConfigInvoker.java:361)
at org.testng.internal.invokers.ConfigInvoker.invokeConfigurations(ConfigInvoker.java:296)
at org.testng.internal.invokers.TestInvoker.runConfigMethods(TestInvoker.java:823)
at org.testng.internal.invokers.TestInvoker.invokeMethod(TestInvoker.java:590)
at org.testng.internal.invokers.TestInvoker.invokeTestMethod(TestInvoker.java:221)
at org.testng.internal.invokers.MethodRunner.runInSequence(MethodRunner.java:50)
at org.testng.internal.invokers.TestInvoker$MethodInvocationAgent.invoke(TestInvoker.java:969)
at org.testng.internal.invokers.TestInvoker.invokeTestMethods(TestInvoker.java:194)
at org.testng.internal.invokers.TestMethodWorker.invokeTestMethods(TestMethodWorker.java:148)
at org.testng.internal.invokers.TestMethodWorker.run(TestMethodWorker.java:128)
at java.base/java.util.ArrayList.forEach(ArrayList.java:1596)
at org.testng.TestRunner.privateRun(TestRunner.java:829)
at org.testng.TestRunner.run(TestRunner.java:602)
at org.testng.SuiteRunner.runTest(SuiteRunner.java:437)
at org.testng.SuiteRunner.runSequentially(SuiteRunner.java:431)
at org.testng.SuiteRunner.privateRun(SuiteRunner.java:391)
at org.testng.SuiteRunner.run(SuiteRunner.java:330)
at org.testng.SuiteRunnerWorker.runSuite(SuiteRunnerWorker.java:52)
at org.testng.SuiteRunnerWorker.run(SuiteRunnerWorker.java:95)
at org.testng.TestNG.runSuitesSequentially(TestNG.java:1256)
at org.testng.TestNG.runSuitesLocally(TestNG.java:1176)
at org.testng.TestNG.runSuites(TestNG.java:1099)
at org.testng.TestNG.run(TestNG.java:1067)
at org.apache.maven.surefire.testng.TestNGExecutor.run(TestNGExecutor.java:308)
at org.apache.maven.surefire.testng.TestNGXmlTestSuite.execute(TestNGXmlTestSuite.java:71)
at org.apache.maven.surefire.testng.TestNGProvider.invoke(TestNGProvider.java:113)
at org.apache.maven.surefire.booter.ForkedBooter.runSuitesInProcess(ForkedBooter.java:385)
at org.apache.maven.surefire.booter.ForkedBooter.execute(ForkedBooter.java:162)
at org.apache.maven.surefire.booter.ForkedBooter.run(ForkedBooter.java:507)
at org.apache.maven.surefire.booter.ForkedBooter.main(ForkedBooter.java:495)
]]>
            </full-stacktrace>
          </exception> <!-- java.lang.RuntimeException -->
          <reporter-output>
          </reporter-output>
        </test-method> <!-- TC_01_signUPIntoApplication_using_Registration -->
        <test-method is-config="true" signature="quitDriver(java.lang.String,org.testng.ITestResult)[pri:0, instance:TestCases.TC_02_MyProtien_validation_BaseTest@66c83fc8]" started-at="2025-02-13T14:45:50 IST" name="quitDriver" finished-at="2025-02-13T14:45:50 IST" duration-ms="0" status="SKIP">
          <reporter-output>
          </reporter-output>
        </test-method> <!-- quitDriver -->
        <test-method is-config="true" signature="startDriver(java.lang.String,org.testng.ITestResult)[pri:0, instance:TestCases.TC_02_MyProtien_validation_BaseTest@66c83fc8]" started-at="2025-02-13T14:45:50 IST" name="startDriver" finished-at="2025-02-13T14:45:50 IST" duration-ms="0" status="SKIP">
          <reporter-output>
          </reporter-output>
        </test-method> <!-- startDriver -->
        <test-method signature="TC_01_loginIntoApplication_using_Credintails()[pri:2, instance:TestCases.TC_02_MyProtien_validation_BaseTest@66c83fc8]" started-at="2025-02-13T14:45:50 IST" name="TC_01_loginIntoApplication_using_Credintails" description="Login with Exisitng User in Application" finished-at="2025-02-13T14:45:50 IST" duration-ms="0" status="SKIP">
          <exception class="java.lang.RuntimeException">
            <message>
              <![CDATA[Driver initialization failed! Browser: CHROME]]>
            </message>
            <full-stacktrace>
              <![CDATA[java.lang.RuntimeException: Driver initialization failed! Browser: CHROME
at org.Base.BaseTest.startDriver(BaseTest.java:87)
at java.base/jdk.internal.reflect.DirectMethodHandleAccessor.invoke(DirectMethodHandleAccessor.java:103)
at java.base/java.lang.reflect.Method.invoke(Method.java:580)
at org.testng.internal.invokers.MethodInvocationHelper.invokeMethod(MethodInvocationHelper.java:139)
at org.testng.internal.invokers.MethodInvocationHelper.invokeMethodConsideringTimeout(MethodInvocationHelper.java:69)
at org.testng.internal.invokers.ConfigInvoker.invokeConfigurationMethod(ConfigInvoker.java:361)
at org.testng.internal.invokers.ConfigInvoker.invokeConfigurations(ConfigInvoker.java:296)
at org.testng.internal.invokers.TestInvoker.runConfigMethods(TestInvoker.java:823)
at org.testng.internal.invokers.TestInvoker.invokeMethod(TestInvoker.java:590)
at org.testng.internal.invokers.TestInvoker.invokeTestMethod(TestInvoker.java:221)
at org.testng.internal.invokers.MethodRunner.runInSequence(MethodRunner.java:50)
at org.testng.internal.invokers.TestInvoker$MethodInvocationAgent.invoke(TestInvoker.java:969)
at org.testng.internal.invokers.TestInvoker.invokeTestMethods(TestInvoker.java:194)
at org.testng.internal.invokers.TestMethodWorker.invokeTestMethods(TestMethodWorker.java:148)
at org.testng.internal.invokers.TestMethodWorker.run(TestMethodWorker.java:128)
at java.base/java.util.ArrayList.forEach(ArrayList.java:1596)
at org.testng.TestRunner.privateRun(TestRunner.java:829)
at org.testng.TestRunner.run(TestRunner.java:602)
at org.testng.SuiteRunner.runTest(SuiteRunner.java:437)
at org.testng.SuiteRunner.runSequentially(SuiteRunner.java:431)
at org.testng.SuiteRunner.privateRun(SuiteRunner.java:391)
at org.testng.SuiteRunner.run(SuiteRunner.java:330)
at org.testng.SuiteRunnerWorker.runSuite(SuiteRunnerWorker.java:52)
at org.testng.SuiteRunnerWorker.run(SuiteRunnerWorker.java:95)
at org.testng.TestNG.runSuitesSequentially(TestNG.java:1256)
at org.testng.TestNG.runSuitesLocally(TestNG.java:1176)
at org.testng.TestNG.runSuites(TestNG.java:1099)
at org.testng.TestNG.run(TestNG.java:1067)
at org.apache.maven.surefire.testng.TestNGExecutor.run(TestNGExecutor.java:308)
at org.apache.maven.surefire.testng.TestNGXmlTestSuite.execute(TestNGXmlTestSuite.java:71)
at org.apache.maven.surefire.testng.TestNGProvider.invoke(TestNGProvider.java:113)
at org.apache.maven.surefire.booter.ForkedBooter.runSuitesInProcess(ForkedBooter.java:385)
at org.apache.maven.surefire.booter.ForkedBooter.execute(ForkedBooter.java:162)
at org.apache.maven.surefire.booter.ForkedBooter.run(ForkedBooter.java:507)
at org.apache.maven.surefire.booter.ForkedBooter.main(ForkedBooter.java:495)
]]>
            </full-stacktrace>
          </exception> <!-- java.lang.RuntimeException -->
          <reporter-output>
          </reporter-output>
        </test-method> <!-- TC_01_loginIntoApplication_using_Credintails -->
        <test-method is-config="true" signature="quitDriver(java.lang.String,org.testng.ITestResult)[pri:0, instance:TestCases.TC_02_MyProtien_validation_BaseTest@66c83fc8]" started-at="2025-02-13T14:45:50 IST" name="quitDriver" finished-at="2025-02-13T14:45:50 IST" duration-ms="0" status="SKIP">
          <reporter-output>
          </reporter-output>
        </test-method> <!-- quitDriver -->
      </class> <!-- TestCases.TC_02_MyProtien_validation_BaseTest -->
    </test> <!-- Test -->
  </suite> <!-- Suite -->
</testng-results>
