<?xml version="1.0" encoding="UTF-8"?>
<testng-results ignored="2" total="8" passed="3" failed="0" skipped="3">
  <reporter-output>
  </reporter-output>
  <suite started-at="2025-02-13T16:30:37 IST" name="Suite" finished-at="2025-02-13T16:32:54 IST" duration-ms="136900">
    <groups>
      <group name="regression">
        <method signature="TC_02_MyProtien_validation_BaseTest.TC_02_Direct_Search()[pri:0, instance:TestCases.TC_02_MyProtien_validation_BaseTest@3ec2ecea]" name="TC_02_Direct_Search" class="TestCases.TC_02_MyProtien_validation_BaseTest"/>
        <method signature="TC_02_MyProtien_validation_BaseTest.TC_02_loginIntoApplication_using_Credintails()[pri:2, instance:TestCases.TC_02_MyProtien_validation_BaseTest@3ec2ecea]" name="TC_02_loginIntoApplication_using_Credintails" class="TestCases.TC_02_MyProtien_validation_BaseTest"/>
        <method signature="TC_03_MyProtien_validation_repeat_BaseTest.TC_02_Direct_Search()[pri:0, instance:TestCases.TC_03_MyProtien_validation_repeat_BaseTest@7c9bdee9]" name="TC_02_Direct_Search" class="TestCases.TC_03_MyProtien_validation_repeat_BaseTest"/>
        <method signature="TC_03_MyProtien_validation_repeat_BaseTest.TC_02_loginIntoApplication_using_Credintails()[pri:2, instance:TestCases.TC_03_MyProtien_validation_repeat_BaseTest@7c9bdee9]" name="TC_02_loginIntoApplication_using_Credintails" class="TestCases.TC_03_MyProtien_validation_repeat_BaseTest"/>
      </group> <!-- regression -->
      <group name="smoke">
        <method signature="TC_02_MyProtien_validation_BaseTest.TC_02_signUPIntoApplication_using_Registration()[pri:1, instance:TestCases.TC_02_MyProtien_validation_BaseTest@3ec2ecea]" name="TC_02_signUPIntoApplication_using_Registration" class="TestCases.TC_02_MyProtien_validation_BaseTest"/>
        <method signature="TC_03_MyProtien_validation_repeat_BaseTest.TC_02_signUPIntoApplication_using_Registration()[pri:1, instance:TestCases.TC_03_MyProtien_validation_repeat_BaseTest@7c9bdee9]" name="TC_02_signUPIntoApplication_using_Registration" class="TestCases.TC_03_MyProtien_validation_repeat_BaseTest"/>
      </group> <!-- smoke -->
    </groups>
    <test started-at="2025-02-13T16:30:37 IST" name="Test" finished-at="2025-02-13T16:32:54 IST" duration-ms="136900">
      <class name="TestCases.TC_03_MyProtien_validation_repeat_BaseTest">
        <test-method is-config="true" signature="startDriver(java.lang.String,org.testng.ITestResult)[pri:0, instance:TestCases.TC_03_MyProtien_validation_repeat_BaseTest@7c9bdee9]" started-at="2025-02-13T16:32:47 IST" name="startDriver" finished-at="2025-02-13T16:32:54 IST" duration-ms="6875" status="FAIL">
          <params>
            <param index="0">
              <value is-null="true"/>
            </param>
            <param index="1">
              <value>
                <![CDATA[[TestResult name={null} status=CREATED method=TC_03_MyProtien_validation_repeat_BaseTest.TC_02_Direct_Search()[pri:0, instance:TestCases.TC_03_MyProtien_validation_repeat_BaseTest@7c9bdee9] output={null}]]]>
              </value>
            </param>
          </params>
          <exception class="java.lang.RuntimeException">
            <message>
              <![CDATA[Driver initialization failed! Browser: CHROME]]>
            </message>
            <full-stacktrace>
              <![CDATA[java.lang.RuntimeException: Driver initialization failed! Browser: CHROME
at org.Base.BaseTest.startDriver(BaseTest.java:92)
at java.base/jdk.internal.reflect.NativeMethodAccessorImpl.invoke0(Native Method)
at java.base/jdk.internal.reflect.NativeMethodAccessorImpl.invoke(NativeMethodAccessorImpl.java:64)
at java.base/jdk.internal.reflect.DelegatingMethodAccessorImpl.invoke(DelegatingMethodAccessorImpl.java:43)
at java.base/java.lang.reflect.Method.invoke(Method.java:564)
at org.testng.internal.MethodInvocationHelper.invokeMethod(MethodInvocationHelper.java:133)
at org.testng.internal.MethodInvocationHelper.invokeMethodConsideringTimeout(MethodInvocationHelper.java:62)
at org.testng.internal.ConfigInvoker.invokeConfigurationMethod(ConfigInvoker.java:385)
at org.testng.internal.ConfigInvoker.invokeConfigurations(ConfigInvoker.java:321)
at org.testng.internal.TestInvoker.runConfigMethods(TestInvoker.java:700)
at org.testng.internal.TestInvoker.invokeMethod(TestInvoker.java:527)
at org.testng.internal.TestInvoker.invokeTestMethod(TestInvoker.java:173)
at org.testng.internal.MethodRunner.runInSequence(MethodRunner.java:46)
at org.testng.internal.TestInvoker$MethodInvocationAgent.invoke(TestInvoker.java:824)
at org.testng.internal.TestInvoker.invokeTestMethods(TestInvoker.java:146)
at org.testng.internal.TestMethodWorker.invokeTestMethods(TestMethodWorker.java:146)
at org.testng.internal.TestMethodWorker.run(TestMethodWorker.java:128)
at java.base/java.util.ArrayList.forEach(ArrayList.java:1511)
at org.testng.TestRunner.privateRun(TestRunner.java:794)
at org.testng.TestRunner.run(TestRunner.java:596)
at org.testng.SuiteRunner.runTest(SuiteRunner.java:377)
at org.testng.SuiteRunner.runSequentially(SuiteRunner.java:371)
at org.testng.SuiteRunner.privateRun(SuiteRunner.java:332)
at org.testng.SuiteRunner.run(SuiteRunner.java:276)
at org.testng.SuiteRunnerWorker.runSuite(SuiteRunnerWorker.java:53)
at org.testng.SuiteRunnerWorker.run(SuiteRunnerWorker.java:96)
at org.testng.TestNG.runSuitesSequentially(TestNG.java:1212)
at org.testng.TestNG.runSuitesLocally(TestNG.java:1134)
at org.testng.TestNG.runSuites(TestNG.java:1063)
at org.testng.TestNG.run(TestNG.java:1031)
at org.testng.remote.AbstractRemoteTestNG.run(AbstractRemoteTestNG.java:115)
at org.testng.remote.RemoteTestNG.initAndRun(RemoteTestNG.java:251)
at org.testng.remote.RemoteTestNG.main(RemoteTestNG.java:77)
]]>
            </full-stacktrace>
          </exception> <!-- java.lang.RuntimeException -->
          <reporter-output>
          </reporter-output>
        </test-method> <!-- startDriver -->
        <test-method signature="TC_02_Direct_Search()[pri:0, instance:TestCases.TC_03_MyProtien_validation_repeat_BaseTest@7c9bdee9]" started-at="2025-02-13T16:32:54 IST" name="TC_02_Direct_Search" description="Direct_Search" finished-at="2025-02-13T16:32:54 IST" duration-ms="0" status="SKIP">
          <exception class="java.lang.RuntimeException">
            <message>
              <![CDATA[Driver initialization failed! Browser: CHROME]]>
            </message>
            <full-stacktrace>
              <![CDATA[java.lang.RuntimeException: Driver initialization failed! Browser: CHROME
at org.Base.BaseTest.startDriver(BaseTest.java:92)
at java.base/jdk.internal.reflect.NativeMethodAccessorImpl.invoke0(Native Method)
at java.base/jdk.internal.reflect.NativeMethodAccessorImpl.invoke(NativeMethodAccessorImpl.java:64)
at java.base/jdk.internal.reflect.DelegatingMethodAccessorImpl.invoke(DelegatingMethodAccessorImpl.java:43)
at java.base/java.lang.reflect.Method.invoke(Method.java:564)
at org.testng.internal.MethodInvocationHelper.invokeMethod(MethodInvocationHelper.java:133)
at org.testng.internal.MethodInvocationHelper.invokeMethodConsideringTimeout(MethodInvocationHelper.java:62)
at org.testng.internal.ConfigInvoker.invokeConfigurationMethod(ConfigInvoker.java:385)
at org.testng.internal.ConfigInvoker.invokeConfigurations(ConfigInvoker.java:321)
at org.testng.internal.TestInvoker.runConfigMethods(TestInvoker.java:700)
at org.testng.internal.TestInvoker.invokeMethod(TestInvoker.java:527)
at org.testng.internal.TestInvoker.invokeTestMethod(TestInvoker.java:173)
at org.testng.internal.MethodRunner.runInSequence(MethodRunner.java:46)
at org.testng.internal.TestInvoker$MethodInvocationAgent.invoke(TestInvoker.java:824)
at org.testng.internal.TestInvoker.invokeTestMethods(TestInvoker.java:146)
at org.testng.internal.TestMethodWorker.invokeTestMethods(TestMethodWorker.java:146)
at org.testng.internal.TestMethodWorker.run(TestMethodWorker.java:128)
at java.base/java.util.ArrayList.forEach(ArrayList.java:1511)
at org.testng.TestRunner.privateRun(TestRunner.java:794)
at org.testng.TestRunner.run(TestRunner.java:596)
at org.testng.SuiteRunner.runTest(SuiteRunner.java:377)
at org.testng.SuiteRunner.runSequentially(SuiteRunner.java:371)
at org.testng.SuiteRunner.privateRun(SuiteRunner.java:332)
at org.testng.SuiteRunner.run(SuiteRunner.java:276)
at org.testng.SuiteRunnerWorker.runSuite(SuiteRunnerWorker.java:53)
at org.testng.SuiteRunnerWorker.run(SuiteRunnerWorker.java:96)
at org.testng.TestNG.runSuitesSequentially(TestNG.java:1212)
at org.testng.TestNG.runSuitesLocally(TestNG.java:1134)
at org.testng.TestNG.runSuites(TestNG.java:1063)
at org.testng.TestNG.run(TestNG.java:1031)
at org.testng.remote.AbstractRemoteTestNG.run(AbstractRemoteTestNG.java:115)
at org.testng.remote.RemoteTestNG.initAndRun(RemoteTestNG.java:251)
at org.testng.remote.RemoteTestNG.main(RemoteTestNG.java:77)
]]>
            </full-stacktrace>
          </exception> <!-- java.lang.RuntimeException -->
          <reporter-output>
          </reporter-output>
        </test-method> <!-- TC_02_Direct_Search -->
        <test-method is-config="true" signature="quitDriver(java.lang.String,org.testng.ITestResult)[pri:0, instance:TestCases.TC_03_MyProtien_validation_repeat_BaseTest@7c9bdee9]" started-at="2025-02-13T16:32:54 IST" name="quitDriver" finished-at="1970-01-01T05:30:00 IST" duration-ms="-1739444574481" status="SKIP">
          <reporter-output>
          </reporter-output>
        </test-method> <!-- quitDriver -->
        <test-method is-config="true" signature="startDriver(java.lang.String,org.testng.ITestResult)[pri:0, instance:TestCases.TC_03_MyProtien_validation_repeat_BaseTest@7c9bdee9]" started-at="2025-02-13T16:32:54 IST" name="startDriver" finished-at="1970-01-01T05:30:00 IST" duration-ms="-1739444574494" status="SKIP">
          <reporter-output>
          </reporter-output>
        </test-method> <!-- startDriver -->
        <test-method signature="TC_02_signUPIntoApplication_using_Registration()[pri:1, instance:TestCases.TC_03_MyProtien_validation_repeat_BaseTest@7c9bdee9]" started-at="2025-02-13T16:32:54 IST" name="TC_02_signUPIntoApplication_using_Registration" description="Create New User in Application" finished-at="2025-02-13T16:32:54 IST" duration-ms="0" status="SKIP">
          <exception class="java.lang.RuntimeException">
            <message>
              <![CDATA[Driver initialization failed! Browser: CHROME]]>
            </message>
            <full-stacktrace>
              <![CDATA[java.lang.RuntimeException: Driver initialization failed! Browser: CHROME
at org.Base.BaseTest.startDriver(BaseTest.java:92)
at java.base/jdk.internal.reflect.NativeMethodAccessorImpl.invoke0(Native Method)
at java.base/jdk.internal.reflect.NativeMethodAccessorImpl.invoke(NativeMethodAccessorImpl.java:64)
at java.base/jdk.internal.reflect.DelegatingMethodAccessorImpl.invoke(DelegatingMethodAccessorImpl.java:43)
at java.base/java.lang.reflect.Method.invoke(Method.java:564)
at org.testng.internal.MethodInvocationHelper.invokeMethod(MethodInvocationHelper.java:133)
at org.testng.internal.MethodInvocationHelper.invokeMethodConsideringTimeout(MethodInvocationHelper.java:62)
at org.testng.internal.ConfigInvoker.invokeConfigurationMethod(ConfigInvoker.java:385)
at org.testng.internal.ConfigInvoker.invokeConfigurations(ConfigInvoker.java:321)
at org.testng.internal.TestInvoker.runConfigMethods(TestInvoker.java:700)
at org.testng.internal.TestInvoker.invokeMethod(TestInvoker.java:527)
at org.testng.internal.TestInvoker.invokeTestMethod(TestInvoker.java:173)
at org.testng.internal.MethodRunner.runInSequence(MethodRunner.java:46)
at org.testng.internal.TestInvoker$MethodInvocationAgent.invoke(TestInvoker.java:824)
at org.testng.internal.TestInvoker.invokeTestMethods(TestInvoker.java:146)
at org.testng.internal.TestMethodWorker.invokeTestMethods(TestMethodWorker.java:146)
at org.testng.internal.TestMethodWorker.run(TestMethodWorker.java:128)
at java.base/java.util.ArrayList.forEach(ArrayList.java:1511)
at org.testng.TestRunner.privateRun(TestRunner.java:794)
at org.testng.TestRunner.run(TestRunner.java:596)
at org.testng.SuiteRunner.runTest(SuiteRunner.java:377)
at org.testng.SuiteRunner.runSequentially(SuiteRunner.java:371)
at org.testng.SuiteRunner.privateRun(SuiteRunner.java:332)
at org.testng.SuiteRunner.run(SuiteRunner.java:276)
at org.testng.SuiteRunnerWorker.runSuite(SuiteRunnerWorker.java:53)
at org.testng.SuiteRunnerWorker.run(SuiteRunnerWorker.java:96)
at org.testng.TestNG.runSuitesSequentially(TestNG.java:1212)
at org.testng.TestNG.runSuitesLocally(TestNG.java:1134)
at org.testng.TestNG.runSuites(TestNG.java:1063)
at org.testng.TestNG.run(TestNG.java:1031)
at org.testng.remote.AbstractRemoteTestNG.run(AbstractRemoteTestNG.java:115)
at org.testng.remote.RemoteTestNG.initAndRun(RemoteTestNG.java:251)
at org.testng.remote.RemoteTestNG.main(RemoteTestNG.java:77)
]]>
            </full-stacktrace>
          </exception> <!-- java.lang.RuntimeException -->
          <reporter-output>
          </reporter-output>
        </test-method> <!-- TC_02_signUPIntoApplication_using_Registration -->
        <test-method is-config="true" signature="quitDriver(java.lang.String,org.testng.ITestResult)[pri:0, instance:TestCases.TC_03_MyProtien_validation_repeat_BaseTest@7c9bdee9]" started-at="2025-02-13T16:32:54 IST" name="quitDriver" finished-at="1970-01-01T05:30:00 IST" duration-ms="-1739444574515" status="SKIP">
          <reporter-output>
          </reporter-output>
        </test-method> <!-- quitDriver -->
        <test-method is-config="true" signature="startDriver(java.lang.String,org.testng.ITestResult)[pri:0, instance:TestCases.TC_03_MyProtien_validation_repeat_BaseTest@7c9bdee9]" started-at="2025-02-13T16:32:54 IST" name="startDriver" finished-at="1970-01-01T05:30:00 IST" duration-ms="-1739444574518" status="SKIP">
          <reporter-output>
          </reporter-output>
        </test-method> <!-- startDriver -->
        <test-method signature="TC_02_loginIntoApplication_using_Credintails()[pri:2, instance:TestCases.TC_03_MyProtien_validation_repeat_BaseTest@7c9bdee9]" started-at="2025-02-13T16:32:54 IST" name="TC_02_loginIntoApplication_using_Credintails" description="Login with Exisitng User in Application" finished-at="2025-02-13T16:32:54 IST" duration-ms="0" status="SKIP">
          <exception class="java.lang.RuntimeException">
            <message>
              <![CDATA[Driver initialization failed! Browser: CHROME]]>
            </message>
            <full-stacktrace>
              <![CDATA[java.lang.RuntimeException: Driver initialization failed! Browser: CHROME
at org.Base.BaseTest.startDriver(BaseTest.java:92)
at java.base/jdk.internal.reflect.NativeMethodAccessorImpl.invoke0(Native Method)
at java.base/jdk.internal.reflect.NativeMethodAccessorImpl.invoke(NativeMethodAccessorImpl.java:64)
at java.base/jdk.internal.reflect.DelegatingMethodAccessorImpl.invoke(DelegatingMethodAccessorImpl.java:43)
at java.base/java.lang.reflect.Method.invoke(Method.java:564)
at org.testng.internal.MethodInvocationHelper.invokeMethod(MethodInvocationHelper.java:133)
at org.testng.internal.MethodInvocationHelper.invokeMethodConsideringTimeout(MethodInvocationHelper.java:62)
at org.testng.internal.ConfigInvoker.invokeConfigurationMethod(ConfigInvoker.java:385)
at org.testng.internal.ConfigInvoker.invokeConfigurations(ConfigInvoker.java:321)
at org.testng.internal.TestInvoker.runConfigMethods(TestInvoker.java:700)
at org.testng.internal.TestInvoker.invokeMethod(TestInvoker.java:527)
at org.testng.internal.TestInvoker.invokeTestMethod(TestInvoker.java:173)
at org.testng.internal.MethodRunner.runInSequence(MethodRunner.java:46)
at org.testng.internal.TestInvoker$MethodInvocationAgent.invoke(TestInvoker.java:824)
at org.testng.internal.TestInvoker.invokeTestMethods(TestInvoker.java:146)
at org.testng.internal.TestMethodWorker.invokeTestMethods(TestMethodWorker.java:146)
at org.testng.internal.TestMethodWorker.run(TestMethodWorker.java:128)
at java.base/java.util.ArrayList.forEach(ArrayList.java:1511)
at org.testng.TestRunner.privateRun(TestRunner.java:794)
at org.testng.TestRunner.run(TestRunner.java:596)
at org.testng.SuiteRunner.runTest(SuiteRunner.java:377)
at org.testng.SuiteRunner.runSequentially(SuiteRunner.java:371)
at org.testng.SuiteRunner.privateRun(SuiteRunner.java:332)
at org.testng.SuiteRunner.run(SuiteRunner.java:276)
at org.testng.SuiteRunnerWorker.runSuite(SuiteRunnerWorker.java:53)
at org.testng.SuiteRunnerWorker.run(SuiteRunnerWorker.java:96)
at org.testng.TestNG.runSuitesSequentially(TestNG.java:1212)
at org.testng.TestNG.runSuitesLocally(TestNG.java:1134)
at org.testng.TestNG.runSuites(TestNG.java:1063)
at org.testng.TestNG.run(TestNG.java:1031)
at org.testng.remote.AbstractRemoteTestNG.run(AbstractRemoteTestNG.java:115)
at org.testng.remote.RemoteTestNG.initAndRun(RemoteTestNG.java:251)
at org.testng.remote.RemoteTestNG.main(RemoteTestNG.java:77)
]]>
            </full-stacktrace>
          </exception> <!-- java.lang.RuntimeException -->
          <reporter-output>
          </reporter-output>
        </test-method> <!-- TC_02_loginIntoApplication_using_Credintails -->
        <test-method is-config="true" signature="quitDriver(java.lang.String,org.testng.ITestResult)[pri:0, instance:TestCases.TC_03_MyProtien_validation_repeat_BaseTest@7c9bdee9]" started-at="2025-02-13T16:32:54 IST" name="quitDriver" finished-at="1970-01-01T05:30:00 IST" duration-ms="-1739444574537" status="SKIP">
          <reporter-output>
          </reporter-output>
        </test-method> <!-- quitDriver -->
      </class> <!-- TestCases.TC_03_MyProtien_validation_repeat_BaseTest -->
      <class name="TestCases.TC_02_MyProtien_validation_BaseTest">
        <test-method is-config="true" signature="setupSuite()[pri:0, instance:TestCases.TC_02_MyProtien_validation_BaseTest@3ec2ecea]" started-at="2025-02-13T16:30:36 IST" name="setupSuite" finished-at="2025-02-13T16:30:37 IST" duration-ms="814" status="PASS">
          <reporter-output>
          </reporter-output>
        </test-method> <!-- setupSuite -->
        <test-method is-config="true" signature="startDriver(java.lang.String,org.testng.ITestResult)[pri:0, instance:TestCases.TC_02_MyProtien_validation_BaseTest@3ec2ecea]" started-at="2025-02-13T16:30:37 IST" name="startDriver" finished-at="2025-02-13T16:30:47 IST" duration-ms="10232" status="PASS">
          <params>
            <param index="0">
              <value is-null="true"/>
            </param>
            <param index="1">
              <value>
                <![CDATA[[TestResult name={null} status=CREATED method=TC_02_MyProtien_validation_BaseTest.TC_02_Direct_Search()[pri:0, instance:TestCases.TC_02_MyProtien_validation_BaseTest@3ec2ecea] output={null}]]]>
              </value>
            </param>
          </params>
          <reporter-output>
          </reporter-output>
        </test-method> <!-- startDriver -->
        <test-method signature="TC_02_Direct_Search()[pri:0, instance:TestCases.TC_02_MyProtien_validation_BaseTest@3ec2ecea]" started-at="2025-02-13T16:30:48 IST" name="TC_02_Direct_Search" description="Direct_Search" finished-at="2025-02-13T16:31:30 IST" duration-ms="41952" status="PASS">
          <reporter-output>
          </reporter-output>
        </test-method> <!-- TC_02_Direct_Search -->
        <test-method is-config="true" signature="quitDriver(java.lang.String,org.testng.ITestResult)[pri:0, instance:TestCases.TC_02_MyProtien_validation_BaseTest@3ec2ecea]" started-at="2025-02-13T16:31:30 IST" name="quitDriver" finished-at="2025-02-13T16:31:31 IST" duration-ms="857" status="PASS">
          <params>
            <param index="0">
              <value is-null="true"/>
            </param>
            <param index="1">
              <value>
                <![CDATA[[TestResult name=TC_02_Direct_Search status=SUCCESS method=TC_02_MyProtien_validation_BaseTest.TC_02_Direct_Search()[pri:0, instance:TestCases.TC_02_MyProtien_validation_BaseTest@3ec2ecea] output={null}]]]>
              </value>
            </param>
          </params>
          <reporter-output>
          </reporter-output>
        </test-method> <!-- quitDriver -->
        <test-method is-config="true" signature="startDriver(java.lang.String,org.testng.ITestResult)[pri:0, instance:TestCases.TC_02_MyProtien_validation_BaseTest@3ec2ecea]" started-at="2025-02-13T16:31:31 IST" name="startDriver" finished-at="2025-02-13T16:31:39 IST" duration-ms="8217" status="PASS">
          <params>
            <param index="0">
              <value is-null="true"/>
            </param>
            <param index="1">
              <value>
                <![CDATA[[TestResult name={null} status=CREATED method=TC_02_MyProtien_validation_BaseTest.TC_02_signUPIntoApplication_using_Registration()[pri:1, instance:TestCases.TC_02_MyProtien_validation_BaseTest@3ec2ecea] output={null}]]]>
              </value>
            </param>
          </params>
          <reporter-output>
          </reporter-output>
        </test-method> <!-- startDriver -->
        <test-method signature="TC_02_signUPIntoApplication_using_Registration()[pri:1, instance:TestCases.TC_02_MyProtien_validation_BaseTest@3ec2ecea]" started-at="2025-02-13T16:31:39 IST" name="TC_02_signUPIntoApplication_using_Registration" description="Create New User in Application" finished-at="2025-02-13T16:32:04 IST" duration-ms="25232" status="PASS">
          <reporter-output>
          </reporter-output>
        </test-method> <!-- TC_02_signUPIntoApplication_using_Registration -->
        <test-method is-config="true" signature="quitDriver(java.lang.String,org.testng.ITestResult)[pri:0, instance:TestCases.TC_02_MyProtien_validation_BaseTest@3ec2ecea]" started-at="2025-02-13T16:32:04 IST" name="quitDriver" finished-at="2025-02-13T16:32:05 IST" duration-ms="529" status="PASS">
          <params>
            <param index="0">
              <value is-null="true"/>
            </param>
            <param index="1">
              <value>
                <![CDATA[[TestResult name=TC_02_signUPIntoApplication_using_Registration status=SUCCESS method=TC_02_MyProtien_validation_BaseTest.TC_02_signUPIntoApplication_using_Registration()[pri:1, instance:TestCases.TC_02_MyProtien_validation_BaseTest@3ec2ecea] output={null}]]]>
              </value>
            </param>
          </params>
          <reporter-output>
          </reporter-output>
        </test-method> <!-- quitDriver -->
        <test-method is-config="true" signature="startDriver(java.lang.String,org.testng.ITestResult)[pri:0, instance:TestCases.TC_02_MyProtien_validation_BaseTest@3ec2ecea]" started-at="2025-02-13T16:32:05 IST" name="startDriver" finished-at="2025-02-13T16:32:11 IST" duration-ms="6847" status="PASS">
          <params>
            <param index="0">
              <value is-null="true"/>
            </param>
            <param index="1">
              <value>
                <![CDATA[[TestResult name={null} status=CREATED method=TC_02_MyProtien_validation_BaseTest.TC_02_loginIntoApplication_using_Credintails()[pri:2, instance:TestCases.TC_02_MyProtien_validation_BaseTest@3ec2ecea] output={null}]]]>
              </value>
            </param>
          </params>
          <reporter-output>
          </reporter-output>
        </test-method> <!-- startDriver -->
        <test-method signature="TC_02_loginIntoApplication_using_Credintails()[pri:2, instance:TestCases.TC_02_MyProtien_validation_BaseTest@3ec2ecea]" started-at="2025-02-13T16:32:11 IST" name="TC_02_loginIntoApplication_using_Credintails" description="Login with Exisitng User in Application" finished-at="2025-02-13T16:32:46 IST" duration-ms="34776" status="PASS">
          <reporter-output>
          </reporter-output>
        </test-method> <!-- TC_02_loginIntoApplication_using_Credintails -->
        <test-method is-config="true" signature="quitDriver(java.lang.String,org.testng.ITestResult)[pri:0, instance:TestCases.TC_02_MyProtien_validation_BaseTest@3ec2ecea]" started-at="2025-02-13T16:32:46 IST" name="quitDriver" finished-at="2025-02-13T16:32:47 IST" duration-ms="699" status="PASS">
          <params>
            <param index="0">
              <value is-null="true"/>
            </param>
            <param index="1">
              <value>
                <![CDATA[[TestResult name=TC_02_loginIntoApplication_using_Credintails status=SUCCESS method=TC_02_MyProtien_validation_BaseTest.TC_02_loginIntoApplication_using_Credintails()[pri:2, instance:TestCases.TC_02_MyProtien_validation_BaseTest@3ec2ecea] output={null}]]]>
              </value>
            </param>
          </params>
          <reporter-output>
          </reporter-output>
        </test-method> <!-- quitDriver -->
        <test-method is-config="true" signature="openHtmlReport()[pri:0, instance:TestCases.TC_02_MyProtien_validation_BaseTest@3ec2ecea]" started-at="2025-02-13T16:32:54 IST" name="openHtmlReport" finished-at="2025-02-13T16:32:55 IST" duration-ms="685" status="PASS">
          <reporter-output>
          </reporter-output>
        </test-method> <!-- openHtmlReport -->
      </class> <!-- TestCases.TC_02_MyProtien_validation_BaseTest -->
    </test> <!-- Test -->
  </suite> <!-- Suite -->
</testng-results>
