<?xml version="1.0" encoding="UTF-8"?>
<!-- Generated by org.testng.reporters.JUnitXMLReporter -->
<testsuite ignored="2" hostname="MacbookAir" failures="0" tests="6" name="Test" time="0.114" errors="0" timestamp="2025-02-14T15:10:18 IST">
  <testcase classname="org.Base.BaseTest" name="@BeforeMethod startDriver" time="0.003">
    <failure type="java.lang.RuntimeException" message="Driver initialization failed! Browser: null">
      <![CDATA[java.lang.RuntimeException: Driver initialization failed! Browser: null
at org.Base.BaseTest.startDriver(BaseTest.java:90)
at java.base/java.util.concurrent.ThreadPoolExecutor.runWorker(ThreadPoolExecutor.java:1144)
at java.base/java.util.concurrent.ThreadPoolExecutor$Worker.run(ThreadPoolExecutor.java:642)
at java.base/java.lang.Thread.run(Thread.java:1583)
... Removed 14 stack frames]]>
    </failure>
  </testcase> <!-- @BeforeMethod startDriver -->
  <testcase classname="org.Base.BaseTest" name="@BeforeMethod startDriver" time="0.005">
    <failure type="java.lang.RuntimeException" message="Driver initialization failed! Browser: null">
      <![CDATA[java.lang.RuntimeException: Driver initialization failed! Browser: null
at org.Base.BaseTest.startDriver(BaseTest.java:90)
at java.base/java.util.concurrent.ThreadPoolExecutor.runWorker(ThreadPoolExecutor.java:1144)
at java.base/java.util.concurrent.ThreadPoolExecutor$Worker.run(ThreadPoolExecutor.java:642)
at java.base/java.lang.Thread.run(Thread.java:1583)
... Removed 14 stack frames]]>
    </failure>
  </testcase> <!-- @BeforeMethod startDriver -->
  <testcase classname="org.Base.BaseTest" name="@BeforeMethod startDriver" time="0.005">
    <failure type="java.lang.RuntimeException" message="Driver initialization failed! Browser: null">
      <![CDATA[java.lang.RuntimeException: Driver initialization failed! Browser: null
at org.Base.BaseTest.startDriver(BaseTest.java:90)
at java.base/java.util.concurrent.ThreadPoolExecutor.runWorker(ThreadPoolExecutor.java:1144)
at java.base/java.util.concurrent.ThreadPoolExecutor$Worker.run(ThreadPoolExecutor.java:642)
at java.base/java.lang.Thread.run(Thread.java:1583)
... Removed 14 stack frames]]>
    </failure>
  </testcase> <!-- @BeforeMethod startDriver -->
  <testcase classname="org.Base.BaseTest" name="@BeforeMethod startDriver" time="0.004">
    <failure type="java.lang.RuntimeException" message="Driver initialization failed! Browser: null">
      <![CDATA[java.lang.RuntimeException: Driver initialization failed! Browser: null
at org.Base.BaseTest.startDriver(BaseTest.java:90)
at java.base/java.util.concurrent.ThreadPoolExecutor.runWorker(ThreadPoolExecutor.java:1144)
at java.base/java.util.concurrent.ThreadPoolExecutor$Worker.run(ThreadPoolExecutor.java:642)
at java.base/java.lang.Thread.run(Thread.java:1583)
... Removed 14 stack frames]]>
    </failure>
  </testcase> <!-- @BeforeMethod startDriver -->
  <testcase classname="org.Base.BaseTest" name="@BeforeMethod startDriver" time="0.005">
    <failure type="java.lang.RuntimeException" message="Driver initialization failed! Browser: null">
      <![CDATA[java.lang.RuntimeException: Driver initialization failed! Browser: null
at org.Base.BaseTest.startDriver(BaseTest.java:90)
at java.base/java.util.concurrent.ThreadPoolExecutor.runWorker(ThreadPoolExecutor.java:1144)
at java.base/java.util.concurrent.ThreadPoolExecutor$Worker.run(ThreadPoolExecutor.java:642)
at java.base/java.lang.Thread.run(Thread.java:1583)
... Removed 14 stack frames]]>
    </failure>
  </testcase> <!-- @BeforeMethod startDriver -->
  <testcase classname="org.Base.BaseTest" name="@AfterMethod quitDriver" time="0.0">
    <skipped/>
  </testcase> <!-- @AfterMethod quitDriver -->
  <testcase classname="org.Base.BaseTest" name="@AfterMethod quitDriver" time="0.0">
    <skipped/>
  </testcase> <!-- @AfterMethod quitDriver -->
  <testcase classname="org.Base.BaseTest" name="@AfterMethod quitDriver" time="0.0">
    <skipped/>
  </testcase> <!-- @AfterMethod quitDriver -->
  <testcase classname="org.Base.BaseTest" name="@AfterMethod quitDriver" time="0.0">
    <skipped/>
  </testcase> <!-- @AfterMethod quitDriver -->
  <testcase classname="org.Base.BaseTest" name="@AfterMethod quitDriver" time="0.0">
    <skipped/>
  </testcase> <!-- @AfterMethod quitDriver -->
  <testcase classname="org.Base.BaseTest" name="@BeforeMethod startDriver" time="0.0">
    <skipped/>
  </testcase> <!-- @BeforeMethod startDriver -->
  <testcase classname="org.Base.BaseTest" name="@AfterMethod quitDriver" time="0.0">
    <skipped/>
  </testcase> <!-- @AfterMethod quitDriver -->
  <testcase classname="TestCases.TC_02_MyProtien_validation_BaseTest" name="TC_02_signUPIntoApplication_using_Registration" time="0.0">
    <skipped/>
  </testcase> <!-- TC_02_signUPIntoApplication_using_Registration -->
  <testcase classname="TestCases.TC_03_MyProtien_validation_repeat_BaseTest" name="TC_03_signUPIntoApplication_using_Registration" time="0.0">
    <skipped/>
  </testcase> <!-- TC_03_signUPIntoApplication_using_Registration -->
  <testcase classname="TestCases.TC_02_MyProtien_validation_BaseTest" name="TC_02_loginIntoApplication_using_Credintails" time="0.0">
    <skipped/>
  </testcase> <!-- TC_02_loginIntoApplication_using_Credintails -->
  <testcase classname="TestCases.TC_02_MyProtien_validation_BaseTest" name="TC_02_Direct_Search" time="0.0">
    <skipped/>
  </testcase> <!-- TC_02_Direct_Search -->
  <testcase classname="TestCases.TC_03_MyProtien_validation_repeat_BaseTest" name="TC_03_Direct_Search" time="0.0">
    <skipped/>
  </testcase> <!-- TC_03_Direct_Search -->
  <testcase classname="TestCases.TC_03_MyProtien_validation_repeat_BaseTest" name="TC_03_loginIntoApplication_using_Credintails" time="0.0">
    <skipped/>
  </testcase> <!-- TC_03_loginIntoApplication_using_Credintails -->
  <testcase classname="org.Base.BaseTest" name="@BeforeSuite setupSuite" time="0.0">
    <ignored/>
  </testcase> <!-- @BeforeSuite setupSuite -->
  <testcase classname="org.Base.BaseTest" name="@AfterSuite openHtmlReport" time="0.0">
    <ignored/>
  </testcase> <!-- @AfterSuite openHtmlReport -->
</testsuite> <!-- Test -->
